2021-10-06 09:20:24.670  INFO 15280 --- [restartedMain] e.q.m.m.MicroservicioalumnosApplication  : Starting MicroservicioalumnosApplication using Java 11.0.12 on 11LAPJC234F3 with PID 15280 (D:\Formación\Spring-Boot\Workspace\microservicioalumnos\target\classes started by evsancho in D:\Formación\Spring-Boot\Workspace\microservicioalumnos)
2021-10-06 09:20:24.679 DEBUG 15280 --- [restartedMain] e.q.m.m.MicroservicioalumnosApplication  : Running with Spring Boot v2.5.4, Spring v5.3.9
2021-10-06 09:20:24.680  INFO 15280 --- [restartedMain] e.q.m.m.MicroservicioalumnosApplication  : No active profile set, falling back to default profiles: default
2021-10-06 09:20:24.724  INFO 15280 --- [restartedMain] .e.DevToolsPropertyDefaultsPostProcessor : Devtools property defaults active! Set 'spring.devtools.add-properties' to 'false' to disable
2021-10-06 09:20:24.725  INFO 15280 --- [restartedMain] .e.DevToolsPropertyDefaultsPostProcessor : For additional web related logging consider setting the 'logging.level.web' property to 'DEBUG'
2021-10-06 09:20:25.525  INFO 15280 --- [restartedMain] .s.d.r.c.RepositoryConfigurationDelegate : Bootstrapping Spring Data JPA repositories in DEFAULT mode.
2021-10-06 09:20:25.577  INFO 15280 --- [restartedMain] .s.d.r.c.RepositoryConfigurationDelegate : Finished Spring Data repository scanning in 43 ms. Found 1 JPA repository interfaces.
2021-10-06 09:20:26.157  INFO 15280 --- [restartedMain] o.s.b.w.embedded.tomcat.TomcatWebServer  : Tomcat initialized with port(s): 8080 (http)
2021-10-06 09:20:26.166  INFO 15280 --- [restartedMain] o.apache.catalina.core.StandardService   : Starting service [Tomcat]
2021-10-06 09:20:26.166  INFO 15280 --- [restartedMain] org.apache.catalina.core.StandardEngine  : Starting Servlet engine: [Apache Tomcat/9.0.52]
2021-10-06 09:20:26.344  INFO 15280 --- [restartedMain] o.a.c.c.C.[Tomcat].[localhost].[/]       : Initializing Spring embedded WebApplicationContext
2021-10-06 09:20:26.344  INFO 15280 --- [restartedMain] w.s.c.ServletWebServerApplicationContext : Root WebApplicationContext: initialization completed in 1619 ms
2021-10-06 09:20:26.576  INFO 15280 --- [restartedMain] o.hibernate.jpa.internal.util.LogHelper  : HHH000204: Processing PersistenceUnitInfo [name: default]
2021-10-06 09:20:26.629  INFO 15280 --- [restartedMain] org.hibernate.Version                    : HHH000412: Hibernate ORM core version 5.4.32.Final
2021-10-06 09:20:26.768  INFO 15280 --- [restartedMain] o.hibernate.annotations.common.Version   : HCANN000001: Hibernate Commons Annotations {5.1.2.Final}
2021-10-06 09:20:26.884  INFO 15280 --- [restartedMain] com.zaxxer.hikari.HikariDataSource       : HikariPool-1 - Starting...
2021-10-06 09:20:27.242  INFO 15280 --- [restartedMain] com.zaxxer.hikari.HikariDataSource       : HikariPool-1 - Start completed.
2021-10-06 09:20:27.259  INFO 15280 --- [restartedMain] org.hibernate.dialect.Dialect            : HHH000400: Using dialect: org.hibernate.dialect.MySQL8Dialect
2021-10-06 09:20:27.981  INFO 15280 --- [restartedMain] o.h.e.t.j.p.i.JtaPlatformInitiator       : HHH000490: Using JtaPlatform implementation: [org.hibernate.engine.transaction.jta.platform.internal.NoJtaPlatform]
2021-10-06 09:20:27.989  INFO 15280 --- [restartedMain] j.LocalContainerEntityManagerFactoryBean : Initialized JPA EntityManagerFactory for persistence unit 'default'
2021-10-06 09:20:28.499  WARN 15280 --- [restartedMain] JpaBaseConfiguration$JpaWebConfiguration : spring.jpa.open-in-view is enabled by default. Therefore, database queries may be performed during view rendering. Explicitly configure spring.jpa.open-in-view to disable this warning
2021-10-06 09:20:28.940  WARN 15280 --- [restartedMain] o.s.b.d.a.OptionalLiveReloadServer       : Unable to start LiveReload server
2021-10-06 09:20:28.948  INFO 15280 --- [restartedMain] o.s.b.a.e.web.EndpointLinksResolver      : Exposing 1 endpoint(s) beneath base path '/actuator'
2021-10-06 09:20:28.984  WARN 15280 --- [restartedMain] ConfigServletWebServerApplicationContext : Exception encountered during context initialization - cancelling refresh attempt: org.springframework.context.ApplicationContextException: Failed to start bean 'webServerStartStop'; nested exception is org.springframework.boot.web.server.PortInUseException: Port 8080 is already in use
2021-10-06 09:20:28.988  INFO 15280 --- [restartedMain] j.LocalContainerEntityManagerFactoryBean : Closing JPA EntityManagerFactory for persistence unit 'default'
2021-10-06 09:20:28.991  INFO 15280 --- [restartedMain] com.zaxxer.hikari.HikariDataSource       : HikariPool-1 - Shutdown initiated...
2021-10-06 09:20:29.006  INFO 15280 --- [restartedMain] com.zaxxer.hikari.HikariDataSource       : HikariPool-1 - Shutdown completed.
2021-10-06 09:20:29.008  INFO 15280 --- [restartedMain] o.apache.catalina.core.StandardService   : Stopping service [Tomcat]
2021-10-06 09:20:29.025  INFO 15280 --- [restartedMain] ConditionEvaluationReportLoggingListener : 

Error starting ApplicationContext. To display the conditions report re-run your application with 'debug' enabled.
2021-10-06 09:20:29.047 ERROR 15280 --- [restartedMain] o.s.b.d.LoggingFailureAnalysisReporter   : 

***************************
APPLICATION FAILED TO START
***************************

Description:

Web server failed to start. Port 8080 was already in use.

Action:

Identify and stop the process that's listening on port 8080 or configure this application to listen on another port.

2021-10-06 09:22:16.340  INFO 13020 --- [restartedMain] e.q.m.m.MicroservicioalumnosApplication  : Starting MicroservicioalumnosApplication using Java 11.0.12 on 11LAPJC234F3 with PID 13020 (D:\Formación\Spring-Boot\Workspace\microservicioalumnos\target\classes started by evsancho in D:\Formación\Spring-Boot\Workspace\microservicioalumnos)
2021-10-06 09:22:16.342 DEBUG 13020 --- [restartedMain] e.q.m.m.MicroservicioalumnosApplication  : Running with Spring Boot v2.5.4, Spring v5.3.9
2021-10-06 09:22:16.343  INFO 13020 --- [restartedMain] e.q.m.m.MicroservicioalumnosApplication  : No active profile set, falling back to default profiles: default
2021-10-06 09:22:16.387  INFO 13020 --- [restartedMain] .e.DevToolsPropertyDefaultsPostProcessor : Devtools property defaults active! Set 'spring.devtools.add-properties' to 'false' to disable
2021-10-06 09:22:16.387  INFO 13020 --- [restartedMain] .e.DevToolsPropertyDefaultsPostProcessor : For additional web related logging consider setting the 'logging.level.web' property to 'DEBUG'
2021-10-06 09:22:17.109  INFO 13020 --- [restartedMain] .s.d.r.c.RepositoryConfigurationDelegate : Bootstrapping Spring Data JPA repositories in DEFAULT mode.
2021-10-06 09:22:17.159  INFO 13020 --- [restartedMain] .s.d.r.c.RepositoryConfigurationDelegate : Finished Spring Data repository scanning in 42 ms. Found 1 JPA repository interfaces.
2021-10-06 09:22:17.837  INFO 13020 --- [restartedMain] o.s.b.w.embedded.tomcat.TomcatWebServer  : Tomcat initialized with port(s): 8081 (http)
2021-10-06 09:22:17.851  INFO 13020 --- [restartedMain] o.apache.catalina.core.StandardService   : Starting service [Tomcat]
2021-10-06 09:22:17.852  INFO 13020 --- [restartedMain] org.apache.catalina.core.StandardEngine  : Starting Servlet engine: [Apache Tomcat/9.0.52]
2021-10-06 09:22:18.015  INFO 13020 --- [restartedMain] o.a.c.c.C.[Tomcat].[localhost].[/]       : Initializing Spring embedded WebApplicationContext
2021-10-06 09:22:18.015  INFO 13020 --- [restartedMain] w.s.c.ServletWebServerApplicationContext : Root WebApplicationContext: initialization completed in 1628 ms
2021-10-06 09:22:18.315  INFO 13020 --- [restartedMain] o.hibernate.jpa.internal.util.LogHelper  : HHH000204: Processing PersistenceUnitInfo [name: default]
2021-10-06 09:22:18.383  INFO 13020 --- [restartedMain] org.hibernate.Version                    : HHH000412: Hibernate ORM core version 5.4.32.Final
2021-10-06 09:22:18.545  INFO 13020 --- [restartedMain] o.hibernate.annotations.common.Version   : HCANN000001: Hibernate Commons Annotations {5.1.2.Final}
2021-10-06 09:22:18.683  INFO 13020 --- [restartedMain] com.zaxxer.hikari.HikariDataSource       : HikariPool-1 - Starting...
2021-10-06 09:22:19.133  INFO 13020 --- [restartedMain] com.zaxxer.hikari.HikariDataSource       : HikariPool-1 - Start completed.
2021-10-06 09:22:19.156  INFO 13020 --- [restartedMain] org.hibernate.dialect.Dialect            : HHH000400: Using dialect: org.hibernate.dialect.MySQL8Dialect
2021-10-06 09:22:19.969  INFO 13020 --- [restartedMain] o.h.e.t.j.p.i.JtaPlatformInitiator       : HHH000490: Using JtaPlatform implementation: [org.hibernate.engine.transaction.jta.platform.internal.NoJtaPlatform]
2021-10-06 09:22:19.978  INFO 13020 --- [restartedMain] j.LocalContainerEntityManagerFactoryBean : Initialized JPA EntityManagerFactory for persistence unit 'default'
2021-10-06 09:22:20.493  WARN 13020 --- [restartedMain] JpaBaseConfiguration$JpaWebConfiguration : spring.jpa.open-in-view is enabled by default. Therefore, database queries may be performed during view rendering. Explicitly configure spring.jpa.open-in-view to disable this warning
2021-10-06 09:22:20.937  INFO 13020 --- [restartedMain] o.s.b.d.a.OptionalLiveReloadServer       : LiveReload server is running on port 35729
2021-10-06 09:22:20.944  INFO 13020 --- [restartedMain] o.s.b.a.e.web.EndpointLinksResolver      : Exposing 1 endpoint(s) beneath base path '/actuator'
2021-10-06 09:22:20.996  INFO 13020 --- [restartedMain] o.s.b.w.embedded.tomcat.TomcatWebServer  : Tomcat started on port(s): 8081 (http) with context path ''
2021-10-06 09:22:21.010  INFO 13020 --- [restartedMain] e.q.m.m.MicroservicioalumnosApplication  : Started MicroservicioalumnosApplication in 4.986 seconds (JVM running for 5.902)
2021-10-06 09:22:22.084  INFO 13020 --- [RMI TCP Connection(1)-127.0.0.1] o.a.c.c.C.[Tomcat].[localhost].[/]       : Initializing Spring DispatcherServlet 'dispatcherServlet'
2021-10-06 09:22:22.084  INFO 13020 --- [RMI TCP Connection(1)-127.0.0.1] o.s.web.servlet.DispatcherServlet        : Initializing Servlet 'dispatcherServlet'
2021-10-06 09:22:22.085  INFO 13020 --- [RMI TCP Connection(1)-127.0.0.1] o.s.web.servlet.DispatcherServlet        : Completed initialization in 1 ms
2021-10-06 09:23:24.142  INFO 13020 --- [RMI TCP Connection(4)-127.0.0.1] inMXBeanRegistrar$SpringApplicationAdmin : Application shutdown requested.
2021-10-06 09:23:24.308  INFO 13020 --- [RMI TCP Connection(4)-127.0.0.1] j.LocalContainerEntityManagerFactoryBean : Closing JPA EntityManagerFactory for persistence unit 'default'
2021-10-06 09:23:24.314  INFO 13020 --- [RMI TCP Connection(4)-127.0.0.1] com.zaxxer.hikari.HikariDataSource       : HikariPool-1 - Shutdown initiated...
2021-10-06 09:23:24.326  INFO 13020 --- [RMI TCP Connection(4)-127.0.0.1] com.zaxxer.hikari.HikariDataSource       : HikariPool-1 - Shutdown completed.
2021-10-06 09:23:42.302  INFO 11096 --- [restartedMain] e.q.m.m.MicroservicioalumnosApplication  : Starting MicroservicioalumnosApplication using Java 11.0.12 on 11LAPJC234F3 with PID 11096 (D:\Formación\Spring-Boot\Workspace\microservicioalumnos\target\classes started by evsancho in D:\Formación\Spring-Boot\Workspace\microservicioalumnos)
2021-10-06 09:23:42.305 DEBUG 11096 --- [restartedMain] e.q.m.m.MicroservicioalumnosApplication  : Running with Spring Boot v2.5.4, Spring v5.3.9
2021-10-06 09:23:42.305  INFO 11096 --- [restartedMain] e.q.m.m.MicroservicioalumnosApplication  : No active profile set, falling back to default profiles: default
2021-10-06 09:23:42.343  INFO 11096 --- [restartedMain] .e.DevToolsPropertyDefaultsPostProcessor : Devtools property defaults active! Set 'spring.devtools.add-properties' to 'false' to disable
2021-10-06 09:23:42.343  INFO 11096 --- [restartedMain] .e.DevToolsPropertyDefaultsPostProcessor : For additional web related logging consider setting the 'logging.level.web' property to 'DEBUG'
2021-10-06 09:23:43.055  INFO 11096 --- [restartedMain] .s.d.r.c.RepositoryConfigurationDelegate : Bootstrapping Spring Data JPA repositories in DEFAULT mode.
2021-10-06 09:23:43.099  INFO 11096 --- [restartedMain] .s.d.r.c.RepositoryConfigurationDelegate : Finished Spring Data repository scanning in 37 ms. Found 1 JPA repository interfaces.
2021-10-06 09:23:43.535  INFO 11096 --- [restartedMain] o.s.b.w.embedded.tomcat.TomcatWebServer  : Tomcat initialized with port(s): 8081 (http)
2021-10-06 09:23:43.543  INFO 11096 --- [restartedMain] o.apache.catalina.core.StandardService   : Starting service [Tomcat]
2021-10-06 09:23:43.543  INFO 11096 --- [restartedMain] org.apache.catalina.core.StandardEngine  : Starting Servlet engine: [Apache Tomcat/9.0.52]
2021-10-06 09:23:43.670  INFO 11096 --- [restartedMain] o.a.c.c.C.[Tomcat].[localhost].[/]       : Initializing Spring embedded WebApplicationContext
2021-10-06 09:23:43.670  INFO 11096 --- [restartedMain] w.s.c.ServletWebServerApplicationContext : Root WebApplicationContext: initialization completed in 1327 ms
2021-10-06 09:23:43.865  INFO 11096 --- [restartedMain] o.hibernate.jpa.internal.util.LogHelper  : HHH000204: Processing PersistenceUnitInfo [name: default]
2021-10-06 09:23:43.906  INFO 11096 --- [restartedMain] org.hibernate.Version                    : HHH000412: Hibernate ORM core version 5.4.32.Final
2021-10-06 09:23:44.002  INFO 11096 --- [restartedMain] o.hibernate.annotations.common.Version   : HCANN000001: Hibernate Commons Annotations {5.1.2.Final}
2021-10-06 09:23:44.084  INFO 11096 --- [restartedMain] com.zaxxer.hikari.HikariDataSource       : HikariPool-1 - Starting...
2021-10-06 09:23:44.356  INFO 11096 --- [restartedMain] com.zaxxer.hikari.HikariDataSource       : HikariPool-1 - Start completed.
2021-10-06 09:23:44.369  INFO 11096 --- [restartedMain] org.hibernate.dialect.Dialect            : HHH000400: Using dialect: org.hibernate.dialect.MySQL8Dialect
2021-10-06 09:23:44.922  INFO 11096 --- [restartedMain] o.h.e.t.j.p.i.JtaPlatformInitiator       : HHH000490: Using JtaPlatform implementation: [org.hibernate.engine.transaction.jta.platform.internal.NoJtaPlatform]
2021-10-06 09:23:44.929  INFO 11096 --- [restartedMain] j.LocalContainerEntityManagerFactoryBean : Initialized JPA EntityManagerFactory for persistence unit 'default'
2021-10-06 09:23:45.352  WARN 11096 --- [restartedMain] JpaBaseConfiguration$JpaWebConfiguration : spring.jpa.open-in-view is enabled by default. Therefore, database queries may be performed during view rendering. Explicitly configure spring.jpa.open-in-view to disable this warning
2021-10-06 09:23:45.732  INFO 11096 --- [restartedMain] o.s.b.d.a.OptionalLiveReloadServer       : LiveReload server is running on port 35729
2021-10-06 09:23:45.737  INFO 11096 --- [restartedMain] o.s.b.a.e.web.EndpointLinksResolver      : Exposing 1 endpoint(s) beneath base path '/actuator'
2021-10-06 09:23:45.780  INFO 11096 --- [restartedMain] o.s.b.w.embedded.tomcat.TomcatWebServer  : Tomcat started on port(s): 8081 (http) with context path ''
2021-10-06 09:23:45.792  INFO 11096 --- [restartedMain] e.q.m.m.MicroservicioalumnosApplication  : Started MicroservicioalumnosApplication in 3.812 seconds (JVM running for 4.709)
2021-10-06 09:23:46.174  INFO 11096 --- [RMI TCP Connection(3)-127.0.0.1] o.a.c.c.C.[Tomcat].[localhost].[/]       : Initializing Spring DispatcherServlet 'dispatcherServlet'
2021-10-06 09:23:46.175  INFO 11096 --- [RMI TCP Connection(3)-127.0.0.1] o.s.web.servlet.DispatcherServlet        : Initializing Servlet 'dispatcherServlet'
2021-10-06 09:23:46.176  INFO 11096 --- [RMI TCP Connection(3)-127.0.0.1] o.s.web.servlet.DispatcherServlet        : Completed initialization in 1 ms
2021-10-06 09:55:43.628 DEBUG 11096 --- [http-nio-8081-exec-1] e.q.m.m.controllers.AlumnoController     : Ha entrado en lista de alumnos
2021-10-06 09:55:43.708 DEBUG 11096 --- [http-nio-8081-exec-1] e.q.m.m.controllers.AlumnoController     : Salida en lista de alumnos
2021-10-06 10:34:11.140  INFO 11096 --- [RMI TCP Connection(74)-127.0.0.1] inMXBeanRegistrar$SpringApplicationAdmin : Application shutdown requested.
2021-10-06 10:34:11.311  INFO 11096 --- [RMI TCP Connection(74)-127.0.0.1] j.LocalContainerEntityManagerFactoryBean : Closing JPA EntityManagerFactory for persistence unit 'default'
2021-10-06 10:34:11.315  INFO 11096 --- [RMI TCP Connection(74)-127.0.0.1] com.zaxxer.hikari.HikariDataSource       : HikariPool-1 - Shutdown initiated...
2021-10-06 10:34:11.324  INFO 11096 --- [RMI TCP Connection(74)-127.0.0.1] com.zaxxer.hikari.HikariDataSource       : HikariPool-1 - Shutdown completed.
2021-10-06 11:56:41.054  INFO 22260 --- [restartedMain] e.q.m.m.MicroservicioalumnosApplication  : Starting MicroservicioalumnosApplication using Java 11.0.12 on 11LAPJC234F3 with PID 22260 (D:\Formación\Spring-Boot\Workspace\microservicioalumnos\target\classes started by evsancho in D:\Formación\Spring-Boot\Workspace\microservicioalumnos)
2021-10-06 11:56:41.056 DEBUG 22260 --- [restartedMain] e.q.m.m.MicroservicioalumnosApplication  : Running with Spring Boot v2.5.4, Spring v5.3.9
2021-10-06 11:56:41.056  INFO 22260 --- [restartedMain] e.q.m.m.MicroservicioalumnosApplication  : No active profile set, falling back to default profiles: default
2021-10-06 11:56:41.094  INFO 22260 --- [restartedMain] .e.DevToolsPropertyDefaultsPostProcessor : Devtools property defaults active! Set 'spring.devtools.add-properties' to 'false' to disable
2021-10-06 11:56:41.095  INFO 22260 --- [restartedMain] .e.DevToolsPropertyDefaultsPostProcessor : For additional web related logging consider setting the 'logging.level.web' property to 'DEBUG'
2021-10-06 11:56:41.861  INFO 22260 --- [restartedMain] .s.d.r.c.RepositoryConfigurationDelegate : Bootstrapping Spring Data JPA repositories in DEFAULT mode.
2021-10-06 11:56:42.000  INFO 22260 --- [restartedMain] .s.d.r.c.RepositoryConfigurationDelegate : Finished Spring Data repository scanning in 132 ms. Found 1 JPA repository interfaces.
2021-10-06 11:56:42.223  INFO 22260 --- [restartedMain] o.s.cloud.context.scope.GenericScope     : BeanFactory id=0e709fdc-8a1b-3f33-9b59-80b394f862ce
2021-10-06 11:56:42.720  INFO 22260 --- [restartedMain] o.s.b.w.embedded.tomcat.TomcatWebServer  : Tomcat initialized with port(s): 8081 (http)
2021-10-06 11:56:42.729  INFO 22260 --- [restartedMain] o.apache.catalina.core.StandardService   : Starting service [Tomcat]
2021-10-06 11:56:42.729  INFO 22260 --- [restartedMain] org.apache.catalina.core.StandardEngine  : Starting Servlet engine: [Apache Tomcat/9.0.52]
2021-10-06 11:56:42.901  INFO 22260 --- [restartedMain] o.a.c.c.C.[Tomcat].[localhost].[/]       : Initializing Spring embedded WebApplicationContext
2021-10-06 11:56:42.901  INFO 22260 --- [restartedMain] w.s.c.ServletWebServerApplicationContext : Root WebApplicationContext: initialization completed in 1806 ms
2021-10-06 11:56:43.095  INFO 22260 --- [restartedMain] o.hibernate.jpa.internal.util.LogHelper  : HHH000204: Processing PersistenceUnitInfo [name: default]
2021-10-06 11:56:43.134  INFO 22260 --- [restartedMain] org.hibernate.Version                    : HHH000412: Hibernate ORM core version 5.4.32.Final
2021-10-06 11:56:43.233  INFO 22260 --- [restartedMain] o.hibernate.annotations.common.Version   : HCANN000001: Hibernate Commons Annotations {5.1.2.Final}
2021-10-06 11:56:43.315  INFO 22260 --- [restartedMain] com.zaxxer.hikari.HikariDataSource       : HikariPool-1 - Starting...
2021-10-06 11:56:43.630  INFO 22260 --- [restartedMain] com.zaxxer.hikari.HikariDataSource       : HikariPool-1 - Start completed.
2021-10-06 11:56:43.642  INFO 22260 --- [restartedMain] org.hibernate.dialect.Dialect            : HHH000400: Using dialect: org.hibernate.dialect.MySQL8Dialect
2021-10-06 11:56:44.213  INFO 22260 --- [restartedMain] o.h.e.t.j.p.i.JtaPlatformInitiator       : HHH000490: Using JtaPlatform implementation: [org.hibernate.engine.transaction.jta.platform.internal.NoJtaPlatform]
2021-10-06 11:56:44.220  INFO 22260 --- [restartedMain] j.LocalContainerEntityManagerFactoryBean : Initialized JPA EntityManagerFactory for persistence unit 'default'
2021-10-06 11:56:44.635  WARN 22260 --- [restartedMain] JpaBaseConfiguration$JpaWebConfiguration : spring.jpa.open-in-view is enabled by default. Therefore, database queries may be performed during view rendering. Explicitly configure spring.jpa.open-in-view to disable this warning
2021-10-06 11:56:46.123  INFO 22260 --- [restartedMain] o.s.cloud.commons.util.InetUtils         : Cannot determine local hostname
2021-10-06 11:56:46.381  INFO 22260 --- [restartedMain] o.s.b.d.a.OptionalLiveReloadServer       : LiveReload server is running on port 35729
2021-10-06 11:56:47.635  INFO 22260 --- [restartedMain] o.s.cloud.commons.util.InetUtils         : Cannot determine local hostname
2021-10-06 11:56:47.641  INFO 22260 --- [restartedMain] DiscoveryClientOptionalArgsConfiguration : Eureka HTTP Client uses RestTemplate.
2021-10-06 11:56:47.694  WARN 22260 --- [restartedMain] iguration$LoadBalancerCaffeineWarnLogger : Spring Cloud LoadBalancer is currently working with the default cache. You can switch to using Caffeine cache, by adding it and org.springframework.cache.caffeine.CaffeineCacheManager to the classpath.
2021-10-06 11:56:47.698  INFO 22260 --- [restartedMain] o.s.b.a.e.web.EndpointLinksResolver      : Exposing 1 endpoint(s) beneath base path '/actuator'
2021-10-06 11:56:47.760  INFO 22260 --- [restartedMain] o.s.c.n.eureka.InstanceInfoFactory       : Setting initial instance status as: STARTING
2021-10-06 11:56:47.793  INFO 22260 --- [restartedMain] com.netflix.discovery.DiscoveryClient    : Initializing Eureka in region us-east-1
2021-10-06 11:56:47.797  INFO 22260 --- [restartedMain] c.n.d.s.r.aws.ConfigClusterResolver      : Resolving eureka endpoints via configuration
2021-10-06 11:56:47.817  INFO 22260 --- [restartedMain] com.netflix.discovery.DiscoveryClient    : Disable delta property : false
2021-10-06 11:56:47.817  INFO 22260 --- [restartedMain] com.netflix.discovery.DiscoveryClient    : Single vip registry refresh property : null
2021-10-06 11:56:47.817  INFO 22260 --- [restartedMain] com.netflix.discovery.DiscoveryClient    : Force full registry fetch : false
2021-10-06 11:56:47.817  INFO 22260 --- [restartedMain] com.netflix.discovery.DiscoveryClient    : Application is null : false
2021-10-06 11:56:47.817  INFO 22260 --- [restartedMain] com.netflix.discovery.DiscoveryClient    : Registered Applications size is zero : true
2021-10-06 11:56:47.817  INFO 22260 --- [restartedMain] com.netflix.discovery.DiscoveryClient    : Application version is -1: true
2021-10-06 11:56:47.817  INFO 22260 --- [restartedMain] com.netflix.discovery.DiscoveryClient    : Getting all instance registry info from the eureka server
2021-10-06 11:56:48.128  INFO 22260 --- [restartedMain] com.netflix.discovery.DiscoveryClient    : The response status is 200
2021-10-06 11:56:48.130  INFO 22260 --- [restartedMain] com.netflix.discovery.DiscoveryClient    : Starting heartbeat executor: renew interval is: 30
2021-10-06 11:56:48.134  INFO 22260 --- [restartedMain] c.n.discovery.InstanceInfoReplicator     : InstanceInfoReplicator onDemand update allowed rate per min is 4
2021-10-06 11:56:48.139  INFO 22260 --- [restartedMain] com.netflix.discovery.DiscoveryClient    : Discovery Client initialized at timestamp 1633514208137 with initial instances count: 0
2021-10-06 11:56:48.140  INFO 22260 --- [restartedMain] o.s.c.n.e.s.EurekaServiceRegistry        : Registering application MICROSERVICIOALUMNOS with eureka with status UP
2021-10-06 11:56:48.141  INFO 22260 --- [restartedMain] com.netflix.discovery.DiscoveryClient    : Saw local status change event StatusChangeEvent [timestamp=1633514208141, current=UP, previous=STARTING]
2021-10-06 11:56:48.142  INFO 22260 --- [DiscoveryClient-InstanceInfoReplicator-0] com.netflix.discovery.DiscoveryClient    : DiscoveryClient_MICROSERVICIOALUMNOS/microservicioalumnos:33dec488613c1c893332004bacf1dec3: registering service...
2021-10-06 11:56:48.169  INFO 22260 --- [restartedMain] o.s.b.w.embedded.tomcat.TomcatWebServer  : Tomcat started on port(s): 8081 (http) with context path ''
2021-10-06 11:56:48.170  INFO 22260 --- [restartedMain] .s.c.n.e.s.EurekaAutoServiceRegistration : Updating port to 8081
2021-10-06 11:56:48.247  INFO 22260 --- [DiscoveryClient-InstanceInfoReplicator-0] com.netflix.discovery.DiscoveryClient    : DiscoveryClient_MICROSERVICIOALUMNOS/microservicioalumnos:33dec488613c1c893332004bacf1dec3 - registration status: 204
2021-10-06 11:56:48.276  INFO 22260 --- [RMI TCP Connection(3)-127.0.0.1] o.a.c.c.C.[Tomcat].[localhost].[/]       : Initializing Spring DispatcherServlet 'dispatcherServlet'
2021-10-06 11:56:48.276  INFO 22260 --- [RMI TCP Connection(3)-127.0.0.1] o.s.web.servlet.DispatcherServlet        : Initializing Servlet 'dispatcherServlet'
2021-10-06 11:56:48.277  INFO 22260 --- [RMI TCP Connection(3)-127.0.0.1] o.s.web.servlet.DispatcherServlet        : Completed initialization in 1 ms
2021-10-06 11:56:49.460  INFO 22260 --- [restartedMain] o.s.cloud.commons.util.InetUtils         : Cannot determine local hostname
2021-10-06 11:56:49.463  INFO 22260 --- [restartedMain] e.q.m.m.MicroservicioalumnosApplication  : Started MicroservicioalumnosApplication in 9.991 seconds (JVM running for 11.021)
2021-10-06 11:57:18.146  INFO 22260 --- [DiscoveryClient-CacheRefreshExecutor-0] com.netflix.discovery.DiscoveryClient    : Disable delta property : false
2021-10-06 11:57:18.146  INFO 22260 --- [DiscoveryClient-CacheRefreshExecutor-0] com.netflix.discovery.DiscoveryClient    : Single vip registry refresh property : null
2021-10-06 11:57:18.146  INFO 22260 --- [DiscoveryClient-CacheRefreshExecutor-0] com.netflix.discovery.DiscoveryClient    : Force full registry fetch : false
2021-10-06 11:57:18.146  INFO 22260 --- [DiscoveryClient-CacheRefreshExecutor-0] com.netflix.discovery.DiscoveryClient    : Application is null : false
2021-10-06 11:57:18.146  INFO 22260 --- [DiscoveryClient-CacheRefreshExecutor-0] com.netflix.discovery.DiscoveryClient    : Registered Applications size is zero : true
2021-10-06 11:57:18.146  INFO 22260 --- [DiscoveryClient-CacheRefreshExecutor-0] com.netflix.discovery.DiscoveryClient    : Application version is -1: false
2021-10-06 11:57:18.146  INFO 22260 --- [DiscoveryClient-CacheRefreshExecutor-0] com.netflix.discovery.DiscoveryClient    : Getting all instance registry info from the eureka server
2021-10-06 11:57:18.168  INFO 22260 --- [DiscoveryClient-CacheRefreshExecutor-0] com.netflix.discovery.DiscoveryClient    : The response status is 200
2021-10-06 11:58:18.785  WARN 22260 --- [http-nio-8081-exec-2] .w.s.m.s.DefaultHandlerExceptionResolver : Resolved [org.springframework.web.method.annotation.MethodArgumentTypeMismatchException: Failed to convert value of type 'java.lang.String' to required type 'int'; nested exception is java.lang.NumberFormatException: For input string: "favicon.ico"]
